Log file open, 01/29/17 13:53:13
LogInit:Display: Running engine for game: UniversityProject
LogPlatformFile: Not using cached read wrapper
LogInit:Display: RandInit(-1121544413) SRandInit(-1121544413).
LogTaskGraph: Started task graph with 5 named threads and 8 total threads with 1 sets of task threads.
LogStats: Stats thread started at 0.312194
LogPluginManager: Loaded Plugin Paper2D, From E:/Logiciels/Epic Games/4.14/Engine/Plugins/2D/Paper2D/Paper2D.uplugin
LogPluginManager: Loaded Plugin LightPropagationVolume, From E:/Logiciels/Epic Games/4.14/Engine/Plugins/Blendables/LightPropagationVolume/LightPropagationVolume.uplugin
LogPluginManager: Loaded Plugin BlankPlugin, From E:/Logiciels/Epic Games/4.14/Engine/Plugins/Developer/BlankPlugin/BlankPlugin.uplugin
LogPluginManager: Loaded Plugin CodeLiteSourceCodeAccess, From E:/Logiciels/Epic Games/4.14/Engine/Plugins/Developer/CodeLiteSourceCodeAccess/CodeLiteSourceCodeAccess.uplugin
LogPluginManager: Loaded Plugin GitSourceControl, From E:/Logiciels/Epic Games/4.14/Engine/Plugins/Developer/GitSourceControl/GitSourceControl.uplugin
LogPluginManager: Loaded Plugin KDevelopSourceCodeAccess, From E:/Logiciels/Epic Games/4.14/Engine/Plugins/Developer/KDevelopSourceCodeAccess/KDevelopSourceCodeAccess.uplugin
LogPluginManager: Loaded Plugin NullSourceCodeAccess, From E:/Logiciels/Epic Games/4.14/Engine/Plugins/Developer/NullSourceCodeAccess/NullSourceCodeAccess.uplugin
LogPluginManager: Loaded Plugin OneSkyLocalizationService, From E:/Logiciels/Epic Games/4.14/Engine/Plugins/Developer/OneSkyLocalizationService/OneSkyLocalizationService.uplugin
LogPluginManager: Loaded Plugin PerforceSourceControl, From E:/Logiciels/Epic Games/4.14/Engine/Plugins/Developer/PerforceSourceControl/PerforceSourceControl.uplugin
LogPluginManager: Loaded Plugin SubversionSourceControl, From E:/Logiciels/Epic Games/4.14/Engine/Plugins/Developer/SubversionSourceControl/SubversionSourceControl.uplugin
LogPluginManager: Loaded Plugin UObjectPlugin, From E:/Logiciels/Epic Games/4.14/Engine/Plugins/Developer/UObjectPlugin/UObjectPlugin.uplugin
LogPluginManager: Loaded Plugin VisualStudioSourceCodeAccess, From E:/Logiciels/Epic Games/4.14/Engine/Plugins/Developer/VisualStudioSourceCodeAccess/VisualStudioSourceCodeAccess.uplugin
LogPluginManager: Loaded Plugin XCodeSourceCodeAccess, From E:/Logiciels/Epic Games/4.14/Engine/Plugins/Developer/XCodeSourceCodeAccess/XCodeSourceCodeAccess.uplugin
LogPluginManager: Loaded Plugin AudioCapture, From E:/Logiciels/Epic Games/4.14/Engine/Plugins/Editor/AudioCapture/AudioCapture.uplugin
LogPluginManager: Loaded Plugin EpicSurvey, From E:/Logiciels/Epic Games/4.14/Engine/Plugins/Editor/EpicSurvey/EpicSurvey.uplugin
LogPluginManager: Loaded Plugin MacGraphicsSwitching, From E:/Logiciels/Epic Games/4.14/Engine/Plugins/Editor/MacGraphicsSwitching/MacGraphicsSwitching.uplugin
LogPluginManager: Loaded Plugin MobileLauncherProfileWizard, From E:/Logiciels/Epic Games/4.14/Engine/Plugins/Editor/MobileLauncherProfileWizard/MobileLauncherProfileWizard.uplugin
LogPluginManager: Loaded Plugin PluginBrowser, From E:/Logiciels/Epic Games/4.14/Engine/Plugins/Editor/PluginBrowser/PluginBrowser.uplugin
LogPluginManager: Loaded Plugin SpeedTreeImporter, From E:/Logiciels/Epic Games/4.14/Engine/Plugins/Editor/SpeedTreeImporter/SpeedTreeImporter.uplugin
LogPluginManager: Loaded Plugin SuperSearchEditor, From E:/Logiciels/Epic Games/4.14/Engine/Plugins/Editor/SuperSearchEditor/SuperSearchEditor.uplugin
LogPluginManager: Loaded Plugin AlembicImporter, From E:/Logiciels/Epic Games/4.14/Engine/Plugins/Experimental/AlembicImporter/AlembicImporter.uplugin
LogPluginManager: Loaded Plugin BlueprintStats, From E:/Logiciels/Epic Games/4.14/Engine/Plugins/Experimental/BlueprintStats/BlueprintStats.uplugin
LogPluginManager: Loaded Plugin CharacterAI, From E:/Logiciels/Epic Games/4.14/Engine/Plugins/Experimental/CharacterAI/CharacterAI.uplugin
LogPluginManager: Loaded Plugin CodeEditor, From E:/Logiciels/Epic Games/4.14/Engine/Plugins/Experimental/CodeEditor/CodeEditor.uplugin
LogPluginManager: Loaded Plugin CodeView, From E:/Logiciels/Epic Games/4.14/Engine/Plugins/Experimental/CodeView/CodeView.uplugin
LogPluginManager: Loaded Plugin HTML5Networking, From E:/Logiciels/Epic Games/4.14/Engine/Plugins/Experimental/HTML5Networking/HTML5Networking.uplugin
LogPluginManager: Loaded Plugin OSVR, From E:/Logiciels/Epic Games/4.14/Engine/Plugins/Experimental/OSVR/OSVR.uplugin
LogPluginManager: Loaded Plugin Phya, From E:/Logiciels/Epic Games/4.14/Engine/Plugins/Experimental/Phya/Phya.uplugin
LogPluginManager: Loaded Plugin SignificanceManager, From E:/Logiciels/Epic Games/4.14/Engine/Plugins/Experimental/SignificanceManager/SignificanceManager.uplugin
LogPluginManager: Loaded Plugin SimpleHMD, From E:/Logiciels/Epic Games/4.14/Engine/Plugins/Experimental/SimpleHMD/SimpleHMD.uplugin
LogPluginManager: Loaded Plugin StereoPanorama, From E:/Logiciels/Epic Games/4.14/Engine/Plugins/Experimental/StereoPanorama/StereoPanorama.uplugin
LogPluginManager: Loaded Plugin StructBox, From E:/Logiciels/Epic Games/4.14/Engine/Plugins/Experimental/StructBox/StructBox.uplugin
LogPluginManager: Loaded Plugin AndroidMedia, From E:/Logiciels/Epic Games/4.14/Engine/Plugins/Media/AndroidMedia/AndroidMedia.uplugin
LogPluginManager: Loaded Plugin AvfMedia, From E:/Logiciels/Epic Games/4.14/Engine/Plugins/Media/AvfMedia/AvfMedia.uplugin
LogPluginManager: Loaded Plugin MediaPlayerEditor, From E:/Logiciels/Epic Games/4.14/Engine/Plugins/Media/MediaPlayerEditor/MediaPlayerEditor.uplugin
LogPluginManager: Loaded Plugin WmfMedia, From E:/Logiciels/Epic Games/4.14/Engine/Plugins/Media/WmfMedia/WmfMedia.uplugin
LogPluginManager: Loaded Plugin MessagingDebugger, From E:/Logiciels/Epic Games/4.14/Engine/Plugins/Messaging/MessagingDebugger/MessagingDebugger.uplugin
LogPluginManager: Loaded Plugin TcpMessaging, From E:/Logiciels/Epic Games/4.14/Engine/Plugins/Messaging/TcpMessaging/TcpMessaging.uplugin
LogPluginManager: Loaded Plugin UdpMessaging, From E:/Logiciels/Epic Games/4.14/Engine/Plugins/Messaging/UdpMessaging/UdpMessaging.uplugin
LogPluginManager: Loaded Plugin LevelSequenceEditor, From E:/Logiciels/Epic Games/4.14/Engine/Plugins/MovieScene/LevelSequenceEditor/LevelSequenceEditor.uplugin
LogPluginManager: Loaded Plugin MatineeToLevelSequence, From E:/Logiciels/Epic Games/4.14/Engine/Plugins/MovieScene/MatineeToLevelSequence/MatineeToLevelSequence.uplugin
LogPluginManager: Loaded Plugin NetcodeUnitTest, From E:/Logiciels/Epic Games/4.14/Engine/Plugins/NetcodeUnitTest/NetcodeUnitTest/NetcodeUnitTest.uplugin
LogPluginManager: Loaded Plugin NUTUnrealEngine4, From E:/Logiciels/Epic Games/4.14/Engine/Plugins/NetcodeUnitTest/NUTUnrealEngine4/NUTUnrealEngine4.uplugin
LogPluginManager: Loaded Plugin OnlineSubsystemGameCircle, From E:/Logiciels/Epic Games/4.14/Engine/Plugins/Online/Android/OnlineSubsystemGameCircle/OnlineSubsystemGameCircle.uplugin
LogPluginManager: Loaded Plugin OnlineSubsystemGooglePlay, From E:/Logiciels/Epic Games/4.14/Engine/Plugins/Online/Android/OnlineSubsystemGooglePlay/OnlineSubsystemGooglePlay.uplugin
LogPluginManager: Loaded Plugin OnlineSubsystemIOS, From E:/Logiciels/Epic Games/4.14/Engine/Plugins/Online/IOS/OnlineSubsystemIOS/OnlineSubsystemIOS.uplugin
LogPluginManager: Loaded Plugin OnlineFramework, From E:/Logiciels/Epic Games/4.14/Engine/Plugins/Online/OnlineFramework/OnlineFramework.uplugin
LogPluginManager: Loaded Plugin OnlineSubsystem, From E:/Logiciels/Epic Games/4.14/Engine/Plugins/Online/OnlineSubsystem/OnlineSubsystem.uplugin
LogPluginManager: Loaded Plugin OnlineSubsystemAmazon, From E:/Logiciels/Epic Games/4.14/Engine/Plugins/Online/OnlineSubsystemAmazon/OnlineSubsystemAmazon.uplugin
LogPluginManager: Loaded Plugin OnlineSubsystemFacebook, From E:/Logiciels/Epic Games/4.14/Engine/Plugins/Online/OnlineSubsystemFacebook/OnlineSubsystemFacebook.uplugin
LogPluginManager: Loaded Plugin OnlineSubsystemNull, From E:/Logiciels/Epic Games/4.14/Engine/Plugins/Online/OnlineSubsystemNull/OnlineSubsystemNull.uplugin
LogPluginManager: Loaded Plugin OnlineSubsystemOculus, From E:/Logiciels/Epic Games/4.14/Engine/Plugins/Online/OnlineSubsystemOculus/OnlineSubsystemOculus.uplugin
LogPluginManager: Loaded Plugin OnlineSubsystemSteam, From E:/Logiciels/Epic Games/4.14/Engine/Plugins/Online/OnlineSubsystemSteam/OnlineSubsystemSteam.uplugin
LogPluginManager: Loaded Plugin OnlineSubsystemUtils, From E:/Logiciels/Epic Games/4.14/Engine/Plugins/Online/OnlineSubsystemUtils/OnlineSubsystemUtils.uplugin
LogPluginManager: Loaded Plugin IOSTapJoy, From E:/Logiciels/Epic Games/4.14/Engine/Plugins/Runtime/Advertising/IOSTapJoy/IOSTapJoy.uplugin
LogPluginManager: Loaded Plugin AnalyticsBlueprintLibrary, From E:/Logiciels/Epic Games/4.14/Engine/Plugins/Runtime/Analytics/AnalyticsBlueprintLibrary/AnalyticsBlueprintLibrary.uplugin
LogPluginManager: Loaded Plugin AnalyticsMulticast, From E:/Logiciels/Epic Games/4.14/Engine/Plugins/Runtime/Analytics/AnalyticsMulticast/AnalyticsMulticast.uplugin
LogPluginManager: Loaded Plugin Apsalar, From E:/Logiciels/Epic Games/4.14/Engine/Plugins/Runtime/Analytics/Apsalar/Apsalar.uplugin
LogPluginManager: Loaded Plugin FileLogging, From E:/Logiciels/Epic Games/4.14/Engine/Plugins/Runtime/Analytics/FileLogging/FileLogging.uplugin
LogPluginManager: Loaded Plugin Flurry, From E:/Logiciels/Epic Games/4.14/Engine/Plugins/Runtime/Analytics/Flurry/Flurry.uplugin
LogPluginManager: Loaded Plugin AndroidDeviceProfileSelector, From E:/Logiciels/Epic Games/4.14/Engine/Plugins/Runtime/AndroidDeviceProfileSelector/AndroidDeviceProfileSelector.uplugin
LogPluginManager: Loaded Plugin AndroidMoviePlayer, From E:/Logiciels/Epic Games/4.14/Engine/Plugins/Runtime/AndroidMoviePlayer/AndroidMoviePlayer.uplugin
LogPluginManager: Loaded Plugin AppleMoviePlayer, From E:/Logiciels/Epic Games/4.14/Engine/Plugins/Runtime/AppleMoviePlayer/AppleMoviePlayer.uplugin
LogPluginManager: Loaded Plugin ArchVisCharacter, From E:/Logiciels/Epic Games/4.14/Engine/Plugins/Runtime/ArchVisCharacter/ArchVisCharacter.uplugin
LogPluginManager: Loaded Plugin CableComponent, From E:/Logiciels/Epic Games/4.14/Engine/Plugins/Runtime/CableComponent/CableComponent.uplugin
LogPluginManager: Loaded Plugin CustomMeshComponent, From E:/Logiciels/Epic Games/4.14/Engine/Plugins/Runtime/CustomMeshComponent/CustomMeshComponent.uplugin
LogPluginManager: Loaded Plugin ExampleDeviceProfileSelector, From E:/Logiciels/Epic Games/4.14/Engine/Plugins/Runtime/ExampleDeviceProfileSelector/ExampleDeviceProfileSelector.uplugin
LogPluginManager: Loaded Plugin GearVR, From E:/Logiciels/Epic Games/4.14/Engine/Plugins/Runtime/GearVR/GearVR.uplugin
LogPluginManager: Loaded Plugin GoogleVRController, From E:/Logiciels/Epic Games/4.14/Engine/Plugins/Runtime/GoogleVR/GoogleVRController/GoogleVRController.uplugin
LogPluginManager: Loaded Plugin GoogleVRHMD, From E:/Logiciels/Epic Games/4.14/Engine/Plugins/Runtime/GoogleVR/GoogleVRHMD/GoogleVRHMD.uplugin
LogPluginManager: Loaded Plugin IOSDeviceProfileSelector, From E:/Logiciels/Epic Games/4.14/Engine/Plugins/Runtime/IOSDeviceProfileSelector/IOSDeviceProfileSelector.uplugin
LogPluginManager: Loaded Plugin LeapMotion, From E:/Logiciels/Epic Games/4.14/Engine/Plugins/Runtime/LeapMotion/LeapMotion.uplugin
LogPluginManager: Loaded Plugin LinuxDeviceProfileSelector, From E:/Logiciels/Epic Games/4.14/Engine/Plugins/Runtime/LinuxDeviceProfileSelector/LinuxDeviceProfileSelector.uplugin
LogPluginManager: Loaded Plugin MIDIDevice, From E:/Logiciels/Epic Games/4.14/Engine/Plugins/Runtime/MIDIDevice/MIDIDevice.uplugin
LogPluginManager: Loaded Plugin MobilePatchingUtils, From E:/Logiciels/Epic Games/4.14/Engine/Plugins/Runtime/MobilePatchingUtils/MobilePatchingUtils.uplugin
LogPluginManager: Loaded Plugin Ansel, From E:/Logiciels/Epic Games/4.14/Engine/Plugins/Runtime/Nvidia/Ansel/Ansel.uplugin
LogPluginManager: Loaded Plugin OculusAudio, From E:/Logiciels/Epic Games/4.14/Engine/Plugins/Runtime/OculusAudio/OculusAudio.uplugin
LogPluginManager: Loaded Plugin OculusInput, From E:/Logiciels/Epic Games/4.14/Engine/Plugins/Runtime/OculusInput/OculusInput.uplugin
LogPluginManager: Loaded Plugin OculusLibrary, From E:/Logiciels/Epic Games/4.14/Engine/Plugins/Runtime/OculusLibrary/OculusLibrary.uplugin
LogPluginManager: Loaded Plugin OculusRift, From E:/Logiciels/Epic Games/4.14/Engine/Plugins/Runtime/OculusRift/OculusRift.uplugin
LogPluginManager: Loaded Plugin Oodle, From E:/Logiciels/Epic Games/4.14/Engine/Plugins/Runtime/PacketHandlers/CompressionComponents/Oodle/Oodle.uplugin
LogPluginManager: Loaded Plugin ProceduralMeshComponent, From E:/Logiciels/Epic Games/4.14/Engine/Plugins/Runtime/ProceduralMeshComponent/ProceduralMeshComponent.uplugin
LogPluginManager: Loaded Plugin SoundMod, From E:/Logiciels/Epic Games/4.14/Engine/Plugins/Runtime/SoundMod/SoundMod.uplugin
LogPluginManager: Loaded Plugin SoundVisualizations, From E:/Logiciels/Epic Games/4.14/Engine/Plugins/Runtime/SoundVisualizations/SoundVisualizations.uplugin
LogPluginManager: Loaded Plugin SteamController, From E:/Logiciels/Epic Games/4.14/Engine/Plugins/Runtime/Steam/SteamController/SteamController.uplugin
LogPluginManager: Loaded Plugin SteamVR, From E:/Logiciels/Epic Games/4.14/Engine/Plugins/Runtime/Steam/SteamVR/SteamVR.uplugin
LogPluginManager: Loaded Plugin WebBrowserWidget, From E:/Logiciels/Epic Games/4.14/Engine/Plugins/Runtime/WebBrowserWidget/WebBrowserWidget.uplugin
LogPluginManager: Loaded Plugin WindowsDeviceProfileSelector, From E:/Logiciels/Epic Games/4.14/Engine/Plugins/Runtime/WindowsDeviceProfileSelector/WindowsDeviceProfileSelector.uplugin
LogPluginManager: Loaded Plugin WindowsMoviePlayer, From E:/Logiciels/Epic Games/4.14/Engine/Plugins/Runtime/WindowsMoviePlayer/WindowsMoviePlayer.uplugin
LogPluginManager: Loaded Plugin ScriptPlugin, From E:/Logiciels/Epic Games/4.14/Engine/Plugins/ScriptPlugin/ScriptPlugin.uplugin
LogPluginManager: Loaded Plugin SlateRemote, From E:/Logiciels/Epic Games/4.14/Engine/Plugins/Slate/SlateRemote/SlateRemote.uplugin
LogPluginManager: Loaded Plugin EditorTests, From E:/Logiciels/Epic Games/4.14/Engine/Plugins/Tests/EditorTests/EditorTests.uplugin
LogPluginManager: Loaded Plugin FbxAutomationTestBuilder, From E:/Logiciels/Epic Games/4.14/Engine/Plugins/Tests/FbxAutomationTestBuilder/FbxAutomationTestBuilder.uplugin
LogPluginManager: Loaded Plugin FunctionalTestingEditor, From E:/Logiciels/Epic Games/4.14/Engine/Plugins/Tests/FunctionalTestingEditor/FunctionalTestingEditor.uplugin
LogPluginManager: Loaded Plugin RuntimeTests, From E:/Logiciels/Epic Games/4.14/Engine/Plugins/Tests/RuntimeTests/RuntimeTests.uplugin
LogPluginManager: Loaded Plugin ScreenshotTools, From E:/Logiciels/Epic Games/4.14/Engine/Plugins/Tests/ScreenshotTools/ScreenshotTools.uplugin
LogInit: Using libcurl 7.47.1
LogInit:  - built for x86_64-pc-win32
LogInit:  - supports SSL with OpenSSL/1.0.2g
LogInit:  - supports HTTP deflate (compression) using libz 1.2.8
LogInit:  - other features:
LogInit:      CURL_VERSION_SSL
LogInit:      CURL_VERSION_LIBZ
LogInit:      CURL_VERSION_IPV6
LogInit:      CURL_VERSION_ASYNCHDNS
LogInit:      CURL_VERSION_LARGEFILE
LogInit:      CURL_VERSION_IDN
LogInit:  CurlRequestOptions (configurable via config and command line):
LogInit:  - bVerifyPeer = false  - Libcurl will NOT verify peer certificate
LogInit:  - bUseHttpProxy = false  - Libcurl will NOT use HTTP proxy
LogInit:  - bDontReuseConnections = false  - Libcurl will reuse connections
LogInit:  - CertBundlePath = nullptr  - Libcurl will use whatever was configured at build time.
LogInit: Build: ++UE4+Release-4.14-CL-3249277
LogInit: Engine Version: 4.14.3-3249277+++UE4+Release-4.14
LogInit: Compatible Engine Version: 4.14.0-3195953+++UE4+Release-4.14
LogInit: Net CL: 3195953
LogDevObjectVersion: Number of dev versions registered: 13
LogDevObjectVersion:   Dev-Blueprints (B0D832E4-1F89-4F0D-ACCF-7EB736FD4AA2): 7
LogDevObjectVersion:   Dev-Build (E1C64328-A22C-4D53-A36C-8E866417BD8C): 0
LogDevObjectVersion:   Dev-Core (375EC13C-06E4-48FB-B500-84F0262A717E): 1
LogDevObjectVersion:   Dev-Editor (E4B068ED-F494-42E9-A231-DA0B2E46BB41): 8
LogDevObjectVersion:   Dev-Framework (CFFC743F-43B0-4480-9391-14DF171D2073): 17
LogDevObjectVersion:   Dev-Mobile (B02B49B5-BB20-44E9-A304-32B752E40360): 0
LogDevObjectVersion:   Dev-Networking (A4E4105C-59A1-49B5-A7C5-40C4547EDFEE): 0
LogDevObjectVersion:   Dev-Online (39C831C9-5AE6-47DC-9A44-9C173E1C8E7C): 0
LogDevObjectVersion:   Dev-Physics (78F01B33-EBEA-4F98-B9B4-84EACCB95AA2): 0
LogDevObjectVersion:   Dev-Platform (6631380F-2D4D-43E0-8009-CF276956A95A): 0
LogDevObjectVersion:   Dev-Rendering (12F88B9F-8875-4AFC-A67C-D90C383ABD29): 12
LogDevObjectVersion:   Dev-Sequencer (7B5AE74C-D270-4C10-A958-57980B212A5A): 1
LogDevObjectVersion:   Dev-VR (D7296918-1DD6-4BDD-9DE2-64A83CC13884): 0
LogInit: Compiled (64-bit): Jan  6 2017 10:49:43
LogInit: Compiled with Visual C++: 19.00.23026.00
LogInit: Build Configuration: Development
LogInit: Branch Name: ++UE4+Release-4.14
LogInit: Command line: 
LogInit: Base directory: E:/Logiciels/Epic Games/4.14/Engine/Binaries/Win64/
LogInit: Installed Engine Build: 1
LogInit: Presizing for max 8388607 objects, including 0 objects not considered by GC, pre-allocating 0 bytes for permanent pool.
LogInit: Object subsystem initialized
[2017.01.29-12.53.14:215][  0]LogInit: Selected Device Profile: [Windows]
[2017.01.29-12.53.14:215][  0]LogInit: Applying CVar settings loaded from the selected device profile: [Windows]
[2017.01.29-12.53.14:296][  0]LogInit: Computer: LYWINPC
[2017.01.29-12.53.14:297][  0]LogInit: User: Lywin
[2017.01.29-12.53.14:297][  0]LogInit: CPU Page size=65536, Cores=4
[2017.01.29-12.53.14:297][  0]LogInit: High frequency timer resolution =3.335293 MHz
[2017.01.29-12.53.14:298][  0]LogMemory: Memory total: Physical=8.0GB (8GB approx)
[2017.01.29-12.53.14:298][  0]LogMemory: Platform Memory Stats for Windows
[2017.01.29-12.53.14:298][  0]LogMemory: Process Physical Memory: 265.12 MB used, 265.12 MB peak
[2017.01.29-12.53.14:298][  0]LogMemory: Process Virtual Memory: 262.57 MB used, 262.57 MB peak
[2017.01.29-12.53.14:298][  0]LogMemory: Physical Memory: 4455.93 MB used,  3734.18 MB free, 8190.11 MB total
[2017.01.29-12.53.14:298][  0]LogMemory: Virtual Memory: 675.70 MB used,  3734.18 MB free, 134217728.00 MB total
[2017.01.29-12.53.15:290][  0]LogTextLocalizationManager: No translations for ('fr-FR') exist, falling back to 'en' for localization and internationalization data.
[2017.01.29-12.53.17:219][  0]LogD3D11RHI: D3D11 adapters:
[2017.01.29-12.53.17:249][  0]LogD3D11RHI:    0. 'NVIDIA GeForce GTX 970' (Feature Level 11_0)
[2017.01.29-12.53.17:249][  0]LogD3D11RHI:       4058/0/4095 MB DedicatedVideo/DedicatedSystem/SharedSystem, Outputs:2, VendorId:0x10de
[2017.01.29-12.53.17:258][  0]LogD3D11RHI:    1. 'Microsoft Basic Render Driver' (Feature Level 11_0)
[2017.01.29-12.53.17:258][  0]LogD3D11RHI:       0/0/4095 MB DedicatedVideo/DedicatedSystem/SharedSystem, Outputs:0, VendorId:0x1414
[2017.01.29-12.53.17:258][  0]LogD3D11RHI: Chosen D3D11 Adapter: 0
[2017.01.29-12.53.17:265][  0]LogD3D11RHI: Creating new Direct3DDevice
[2017.01.29-12.53.17:265][  0]LogD3D11RHI:     GPU DeviceId: 0x13c2 (for the marketing name, search the web for "GPU Device Id")
[2017.01.29-12.53.17:265][  0]LogWindows: EnumDisplayDevices:
[2017.01.29-12.53.17:265][  0]LogWindows:    0. 'NVIDIA GeForce GTX 970' (P:1 D:1)
[2017.01.29-12.53.17:265][  0]LogWindows:    1. 'NVIDIA GeForce GTX 970' (P:0 D:1)
[2017.01.29-12.53.17:266][  0]LogWindows:    2. 'NVIDIA GeForce GTX 970' (P:0 D:0)
[2017.01.29-12.53.17:266][  0]LogWindows:    3. 'NVIDIA GeForce GTX 970' (P:0 D:0)
[2017.01.29-12.53.17:266][  0]LogWindows: DebugString: FoundDriverCount:4 
[2017.01.29-12.53.17:266][  0]LogD3D11RHI:     Adapter Name: NVIDIA GeForce GTX 970
[2017.01.29-12.53.17:266][  0]LogD3D11RHI:   Driver Version: 369.09 (internal:21.21.13.6909, unified:369.09)
[2017.01.29-12.53.17:266][  0]LogD3D11RHI:      Driver Date: 8-1-2016
[2017.01.29-12.53.17:266][  0]LogRHI: Texture pool is 1361 MB (70% of 1945 MB)
[2017.01.29-12.53.17:285][  0]LogD3D11RHI: Async texture creation enabled
[2017.01.29-12.53.17:298][  0]LogD3D11RHI: GPU Timing Frequency: 1000.000000 (Debug: 2 1)
[2017.01.29-12.53.17:299][  0]LogShaderCompilers: Guid format shader working directory is 2 characters bigger than the processId version (../../../../UnrealProjects/UniversityProject/Intermediate/Shaders/WorkingDirectory/7536/).
[2017.01.29-12.53.17:299][  0]LogShaderCompilers: Cleaned the shader compiler working directory 'C:/Users/Lywin/AppData/Local/Temp/UnrealShaderWorkingDir/273AC477432F4B8266F3869C3B05204F/'.
[2017.01.29-12.53.17:299][  0]LogShaderCompilers:Display: Using Local Shader Compiler.
[2017.01.29-12.53.20:342][  0]LogTemp:Display: Loaded TP AllDesktopTargetPlatform
[2017.01.29-12.53.20:444][  0]LogTemp:Display: Loaded TP MacClientTargetPlatform
[2017.01.29-12.53.20:540][  0]LogTemp:Display: Loaded TP MacNoEditorTargetPlatform
[2017.01.29-12.53.20:661][  0]LogTemp:Display: Loaded TP MacServerTargetPlatform
[2017.01.29-12.53.20:784][  0]LogTemp:Display: Loaded TP MacTargetPlatform
[2017.01.29-12.53.20:891][  0]LogTemp:Display: Loaded TP WindowsClientTargetPlatform
[2017.01.29-12.53.20:982][  0]LogTemp:Display: Loaded TP WindowsNoEditorTargetPlatform
[2017.01.29-12.53.21:077][  0]LogTemp:Display: Loaded TP WindowsServerTargetPlatform
[2017.01.29-12.53.21:149][  0]LogTemp:Display: Loaded TP WindowsTargetPlatform
[2017.01.29-12.53.21:252][  0]LogTemp:Display: Loaded TP AndroidTargetPlatform
[2017.01.29-12.53.21:383][  0]LogTemp:Display: Loaded TP Android_ASTCTargetPlatform
[2017.01.29-12.53.21:481][  0]LogTemp:Display: Loaded TP Android_ATCTargetPlatform
[2017.01.29-12.53.21:564][  0]LogTemp:Display: Loaded TP Android_DXTTargetPlatform
[2017.01.29-12.53.21:666][  0]LogTemp:Display: Loaded TP Android_ETC1TargetPlatform
[2017.01.29-12.53.21:764][  0]LogTemp:Display: Loaded TP Android_ETC2TargetPlatform
[2017.01.29-12.53.21:994][  0]LogTemp:Display: Loaded TP Android_MultiTargetPlatform
[2017.01.29-12.53.21:994][  0]LogTemp:Display: Loaded TP Android_PVRTCTargetPlatform
[2017.01.29-12.53.22:072][  0]LogTemp:Display: Loaded TP HTML5TargetPlatform
[2017.01.29-12.53.22:298][  0]LogTemp:Display: Loaded TP IOSTargetPlatform
[2017.01.29-12.53.22:370][  0]LogTemp:Display: Loaded TP TVOSTargetPlatform
[2017.01.29-12.53.22:476][  0]LogTemp:Display: Loaded TP LinuxClientTargetPlatform
[2017.01.29-12.53.22:561][  0]LogTemp:Display: Loaded TP LinuxNoEditorTargetPlatform
[2017.01.29-12.53.22:670][  0]LogTemp:Display: Loaded TP LinuxServerTargetPlatform
[2017.01.29-12.53.22:785][  0]LogTemp:Display: Loaded TP LinuxTargetPlatform
[2017.01.29-12.53.22:785][  0]LogTargetPlatformManager:Display: Building Assets For Windows
[2017.01.29-12.53.24:423][  0]LogDerivedDataCache:Display: Max Cache Size: 512 MB
[2017.01.29-12.53.24:856][  0]LogDerivedDataCache: Loaded boot cache 0.43s 50MB C:/Users/Lywin/AppData/Local/UnrealEngine/4.14/DerivedDataCache/Boot.ddc.
[2017.01.29-12.53.24:856][  0]LogDerivedDataCache:Display: Loaded Boot cache: C:/Users/Lywin/AppData/Local/UnrealEngine/4.14/DerivedDataCache/Boot.ddc
[2017.01.29-12.53.24:856][  0]LogDerivedDataCache: FDerivedDataBackendGraph:  Pak pak cache file ../../../../UnrealProjects/UniversityProject/DerivedDataCache/DDC.ddp not found, will not use a pak cache.
[2017.01.29-12.53.24:856][  0]LogDerivedDataCache: Unable to find inner node Pak for hierarchical cache Hierarchy.
[2017.01.29-12.53.24:856][  0]LogDerivedDataCache: FDerivedDataBackendGraph:  CompressedPak pak cache file ../../../../UnrealProjects/UniversityProject/DerivedDataCache/Compressed.ddp not found, will not use a pak cache.
[2017.01.29-12.53.24:856][  0]LogDerivedDataCache: Unable to find inner node CompressedPak for hierarchical cache Hierarchy.
[2017.01.29-12.53.24:964][  0]LogDerivedDataCache:Display: Pak cache opened for reading ../../../Engine/DerivedDataCache/Compressed.ddp.
[2017.01.29-12.53.24:979][  0]LogDerivedDataCache: Using Local data cache path C:/Users/Lywin/AppData/Local/UnrealEngine/Common/DerivedDataCache: Writable
[2017.01.29-12.53.27:414][  0]LogInit: Selected Device Profile: [Windows]
[2017.01.29-12.53.27:425][  0]LogContentStreaming: Texture pool size is 0.00 MB
[2017.01.29-12.53.28:018][  0]LogMeshUtilities: Using QuadricMeshReduction for automatic static mesh reduction
[2017.01.29-12.53.28:184][  0]LogSimplygon: Simplygon DLL not present - disabling.
[2017.01.29-12.53.28:323][  0]LogMeshUtilities: Using SimplygonSwarm for distributed automatic mesh merging
[2017.01.29-12.53.28:323][  0]LogMeshUtilities: No automatic skeletal mesh reduction module available
[2017.01.29-12.53.28:323][  0]LogMeshUtilities: No automatic mesh merging module available
[2017.01.29-12.53.30:972][  0]LogNetVersion: GetLocalNetworkVersion: CL: 3195953, ProjectName: universityproject, ProjectVersion: , EngineNetworkVersion: 2, GameNetworkVersion: 0, NetworkChecksum: 4107576575
[2017.01.29-12.53.31:128][  0]LogAssetRegistry: FAssetRegistry took 0.0223 seconds to start up
[2017.01.29-12.53.31:191][  0]LogPackageLocalizationCache: Processed 3 localized package path(s) for 1 prioritized culture(s) in 0.038040 seconds
[2017.01.29-12.53.31:206][  0]LogUObjectArray: 31946 objects as part of root set at end of initial load.
[2017.01.29-12.53.31:206][  0]LogUObjectAllocator: 6935848 out of 0 bytes used by permanent object pool.
[2017.01.29-12.53.31:206][  0]LogUObjectArray: CloseDisregardForGC: 0/0 objects in disregard for GC pool
[2017.01.29-12.53.31:314][  0]LogInit: WinSock: version 1.1 (2.2), MaxSocks=32767, MaxUdp=65467
[2017.01.29-12.53.34:287][  0]LogSlate: Using Freetype 2.6.0
[2017.01.29-12.53.34:316][  0]LogSlate: SlateFontCache - WITH_FREETYPE: 1, WITH_HARFBUZZ: 1
[2017.01.29-12.53.34:316][  0]LogSlate: SlateFontCache - WITH_FREETYPE: 1, WITH_HARFBUZZ: 1
[2017.01.29-12.53.47:366][  0]LogTcpMessaging: Initializing TcpMessaging bridge
[2017.01.29-12.53.47:455][  0]LogUdpMessaging: Initializing bridge on interface 0.0.0.0:0 to multicast group 230.0.0.1:6666.
[2017.01.29-12.53.49:060][  0]LogMaterial: Uniform references updated for custom material expression Custom.
[2017.01.29-12.53.50:035][  0]SourceControl: Info Source control is disabled
[2017.01.29-12.53.54:137][  0]LogLinker:Warning: Can't find file '/Game/FirstPersonBP/FirstPersonOverview'
[2017.01.29-12.53.54:138][  0]LogLinker:Warning: Can't find file '/Game/FirstPersonBP/FirstPersonOverview'
[2017.01.29-12.53.54:138][  0]LogUObjectGlobals:Warning: Failed to find object 'Class /Game/FirstPersonBP/FirstPersonOverview.FirstPersonOverview_C'
[2017.01.29-12.53.56:844][  0]LogEngine: Initializing Engine...
[2017.01.29-12.53.57:189][  0]LogHMD: Failed to initialize OpenVR with code 108
[2017.01.29-12.53.57:901][  0]LogAIModule: Creating AISystem for world Untitled
[2017.01.29-12.53.57:933][  0]LogInit: XAudio2 using 'Haut-parleurs (Realtek High Definition Audio)' : 6 channels at 48 kHz using 32 bits per sample (channel mask 0x3f)
[2017.01.29-12.53.57:981][  0]LogInit: FAudioDevice initialized.
[2017.01.29-12.53.58:032][  0]LogDerivedDataCache: Saved boot cache 0.05s 50MB C:/Users/Lywin/AppData/Local/UnrealEngine/4.14/DerivedDataCache/Boot.ddc.
[2017.01.29-12.53.58:051][  0]LogInit: Texture streaming: Enabled
[2017.01.29-12.53.58:787][  0]LogInit: Transaction tracking system initialized
[2017.01.29-12.53.59:474][  0]BlueprintLog: New page: Editor Load
[2017.01.29-12.54.02:415][  0]LocalizationService: Info Localization service is disabled
[2017.01.29-12.54.04:113][  0]LogConsoleResponse:Display: 
[2017.01.29-12.54.05:223][  0]LogCook:Display: Max memory allowance for cook 16384mb min free memory 0mb
[2017.01.29-12.54.05:223][  0]LogCook:Display: Mobile HDR setting 1
[2017.01.29-12.54.06:116][  0]LogFileCache: Scanning file cache for directory 'E:/Logiciels/Epic Games/UnrealProjects/UniversityProject/Content/' took 0.02s
[2017.01.29-12.54.08:484][  0]Cmd: MAP LOAD FILE="../../../../UnrealProjects/UniversityProject/Content/FirstPersonBP/Maps/FirstPersonExampleMap.umap" TEMPLATE=0 SHOWPROGRESS=1 FEATURELEVEL=3
[2017.01.29-12.54.08:484][  0]LogEditorServer:Warning: Can't find file '../../../../UnrealProjects/UniversityProject/Content/FirstPersonBP/Maps/FirstPersonExampleMap.umap'
[2017.01.29-12.54.08:484][  0]Cmd: MAP CHECKDEP NOCLEARLOG
[2017.01.29-12.54.08:580][  0]MapCheck: Info Map check complete: 0 Error(s), 0 Warning(s), took 95.255ms to complete.
[2017.01.29-12.54.08:580][  0]LogFileHelpers: Loading map 'FirstPersonExampleMap' took 0.096
[2017.01.29-12.54.09:103][  0]LogCollectionManager: Loaded 0 collections in 0.001945 seconds
[2017.01.29-12.54.09:222][  0]LogFileCache: Scanning file cache for directory 'E:/Logiciels/Epic Games/UnrealProjects/UniversityProject/Saved/Collections/' took 0.01s
[2017.01.29-12.54.09:222][  0]LogFileCache: Scanning file cache for directory 'E:/Logiciels/Epic Games/UnrealProjects/UniversityProject/Content/Developers/Lywin/Collections/' took 0.01s
[2017.01.29-12.54.09:222][  0]LogFileCache: Scanning file cache for directory 'E:/Logiciels/Epic Games/UnrealProjects/UniversityProject/Content/Collections/' took 0.01s
[2017.01.29-12.54.09:222][  0]LogCollectionManager: Rebuilt the GUID cache for 0 collections in 0.000006 seconds
[2017.01.29-12.54.09:237][  0]LogContentBrowser: Native class hierarchy populated in 0.0150 seconds. Added 2190 classes and 428 folders.
[2017.01.29-12.54.09:295][  0]LogStats: UGameplayTagsManager::ConstructGameplayTagTree: Construct from data asset -  0.000 s
[2017.01.29-12.54.09:295][  0]LogStats: UGameplayTagsManager::ConstructGameplayTagTree: GameplayTagTreeChangedEvent.Broadcast -  0.000 s
[2017.01.29-12.54.09:296][  0]LogContentBrowser: Native class hierarchy updated for 'GameplayTags' in 0.0010 seconds. Added 13 classes and 0 folders.
[2017.01.29-12.54.09:375][  0]LogContentBrowser: Native class hierarchy updated for 'WidgetCarousel' in 0.0007 seconds. Added 0 classes and 0 folders.
[2017.01.29-12.54.10:552][  0]LogContentBrowser: Native class hierarchy updated for 'AddContentDialog' in 0.0009 seconds. Added 0 classes and 0 folders.
[2017.01.29-12.54.10:705][  0]LogContentBrowser: Native class hierarchy updated for 'SceneOutliner' in 0.0008 seconds. Added 1 classes and 2 folders.
[2017.01.29-12.54.10:799][  0]LogCrashTracker: Crashtracker disabled due to settings.
[2017.01.29-12.54.10:812][  0]LogUObjectGlobals:Warning: Failed to find object 'Class None.'
[2017.01.29-12.54.10:984][  0]LogContentBrowser: Native class hierarchy updated for 'HierarchicalLODOutliner' in 0.0008 seconds. Added 1 classes and 2 folders.
[2017.01.29-12.54.10:985][  0]LogLoad: (Engine Initialization) Total time: 63.03 seconds
[2017.01.29-12.54.10:985][  0]LogLoad: (Engine Initialization) Total Blueprint compile time: 0.18 seconds
[2017.01.29-12.54.10:985][  0]LogExternalProfiler: Found external profiler: VSPerf
[2017.01.29-12.54.10:985][  0]LogExternalProfiler: Using external profiler: VSPerf
[2017.01.29-12.54.11:325][  0]LogOcInput: OculusInput pre-init called
[2017.01.29-12.54.11:349][  0]SourceControl: Info On branch master
[2017.01.29-12.54.11:349][  0]SourceControl: Info Changes to be committed:
[2017.01.29-12.54.11:349][  0]SourceControl: Info   (use "git reset HEAD <file>..." to unstage)
[2017.01.29-12.54.11:349][  0]SourceControl: Info 	modified:   Content/Landscape/Resources/Grass_LayerInfo.uasset
[2017.01.29-12.54.11:349][  0]SourceControl: Info 	modified:   Content/Landscape/Resources/Snow_LayerInfo.uasset
[2017.01.29-12.54.11:349][  0]SourceControl: Info 	modified:   Content/Landscape/Resources/Soil_LayerInfo.uasset
[2017.01.29-12.54.11:349][  0]SourceControl: Info 	modified:   Content/Maps/Level1.umap
[2017.01.29-12.54.11:349][  0]SourceControl: Info 	deleted:    Content/Maps/Level1_BuiltData.uasset
[2017.01.29-12.54.11:349][  0]SourceControl: Info 	copied:     Content/Maps/Level1.umap -> Content/Maps/Level2_Front.umap
[2017.01.29-12.54.11:349][  0]SourceControl: Info 	new file:   Content/Maps/Level2_Front_BuiltData.uasset
[2017.01.29-12.54.11:349][  0]SourceControl: Info 	new file:   Content/Maps/Level2_Left.umap
[2017.01.29-12.54.11:349][  0]SourceControl: Info 	new file:   Content/Maps/Level2_Left_BuiltData.uasset
[2017.01.29-12.54.11:349][  0]SourceControl: Info 	new file:   Content/Maps/Level2_Right.umap
[2017.01.29-12.54.11:349][  0]SourceControl: Info 	new file:   Content/Maps/Level2_Right_BuiltData.uasset
[2017.01.29-12.54.11:349][  0]SourceControl: Info 	new file:   Content/Meshes/Empty_Trunk_01.uasset
[2017.01.29-12.54.11:349][  0]SourceControl: Info 	new file:   Content/Meshes/Empty_Trunk_02.uasset
[2017.01.29-12.54.11:349][  0]SourceControl: Info 	new file:   Content/Meshes/Empty_Trunk_03.uasset
[2017.01.29-12.54.11:349][  0]SourceControl: Info Changes not staged for commit:
[2017.01.29-12.54.11:349][  0]SourceControl: Info   (use "git add <file>..." to update what will be committed)
[2017.01.29-12.54.11:349][  0]SourceControl: Info   (use "git checkout -- <file>..." to discard changes in working directory)
[2017.01.29-12.54.11:349][  0]SourceControl: Info 	modified:   Config/DefaultEditor.ini
[2017.01.29-12.54.11:349][  0]SourceControl: Info 	modified:   Content/Blueprints/Pierre_StaticMesh_Blueprint.uasset
[2017.01.29-12.54.11:349][  0]SourceControl: Info 	modified:   Content/Landscape/Materials/Landscape_Material.uasset
[2017.01.29-12.54.11:349][  0]SourceControl: Info 	modified:   Content/Maps/Level2_Front.umap
[2017.01.29-12.54.11:349][  0]SourceControl: Info 	modified:   Content/Maps/Level2_Front_BuiltData.uasset
[2017.01.29-12.54.11:349][  0]SourceControl: Info 	modified:   Content/Maps/Level2_Left.umap
[2017.01.29-12.54.11:349][  0]SourceControl: Info 	modified:   Content/Maps/Level2_Left_BuiltData.uasset
[2017.01.29-12.54.11:350][  0]SourceControl: Info 	modified:   Content/Maps/Level2_Right.umap
[2017.01.29-12.54.11:350][  0]SourceControl: Info 	modified:   Content/Meshes/Empty_Trunk_01.uasset
[2017.01.29-12.54.11:350][  0]SourceControl: Info 	modified:   Content/Meshes/Pierre_StaticMesh.uasset
[2017.01.29-12.54.11:350][  0]SourceControl: Info 	modified:   Content/StarterContent/Materials/M_Wood_Oak.uasset
[2017.01.29-12.54.11:350][  0]SourceControl: Info 	modified:   Intermediate/CachedAssetRegistry.bin
[2017.01.29-12.54.11:350][  0]SourceControl: Info 	modified:   Intermediate/Config/CoalescedSourceConfigs/Editor.ini
[2017.01.29-12.54.11:350][  0]SourceControl: Info 	modified:   Intermediate/ReimportCache/3688439234.bin
[2017.01.29-12.54.11:350][  0]SourceControl: Info 	modified:   Saved/AutoScreenshot.png
[2017.01.29-12.54.11:350][  0]SourceControl: Info 	modified:   Saved/Autosaves/Game/Blueprints/Pierre_StaticMesh_Blueprint_Auto4.uasset
[2017.01.29-12.54.11:350][  0]SourceControl: Info 	modified:   Saved/Autosaves/Game/Maps/Level1_Auto1.umap
[2017.01.29-12.54.11:350][  0]SourceControl: Info 	modified:   Saved/Autosaves/Game/Meshes/Pierre_StaticMesh_Auto2.uasset
[2017.01.29-12.54.11:350][  0]SourceControl: Info 	modified:   Saved/Autosaves/PackageRestoreData.json
[2017.01.29-12.54.11:350][  0]SourceControl: Info 	modified:   Saved/Config/Windows/Editor.ini
[2017.01.29-12.54.11:350][  0]SourceControl: Info 	modified:   Saved/Config/Windows/EditorPerProjectUserSettings.ini
[2017.01.29-12.54.11:350][  0]SourceControl: Info 	modified:   Saved/Config/Windows/SourceControlSettings.ini
[2017.01.29-12.54.11:350][  0]SourceControl: Info 	modified:   Saved/Logs/UniversityProject.log
[2017.01.29-12.54.11:350][  0]SourceControl: Info Untracked files:
[2017.01.29-12.54.11:350][  0]SourceControl: Info   (use "git add <file>..." to include in what will be committed)
[2017.01.29-12.54.11:350][  0]SourceControl: Info 	Content/Meshes/Empty_Trunk_01.fbx
[2017.01.29-12.54.11:350][  0]SourceControl: Info 	Content/WaterPlane/
[2017.01.29-12.54.11:350][  0]SourceControl: Info 	Saved/Autosaves/Game/Blueprints/Pierre_StaticMesh_Blueprint_Auto1.uasset
[2017.01.29-12.54.11:350][  0]SourceControl: Info 	Saved/Autosaves/Game/Maps/Level2_Front_Auto1.umap
[2017.01.29-12.54.11:350][  0]SourceControl: Info 	Saved/Autosaves/Game/Maps/Level2_Front_Auto2.umap
[2017.01.29-12.54.11:350][  0]SourceControl: Info 	Saved/Autosaves/Game/Maps/Level2_Front_Auto3.umap
[2017.01.29-12.54.11:350][  0]SourceControl: Info 	Saved/Autosaves/Game/Maps/Level2_Front_Auto4.umap
[2017.01.29-12.54.11:350][  0]SourceControl: Info 	Saved/Backup/Empty_Trunk_01_2017-01-27-17-42-17.uasset
[2017.01.29-12.54.11:350][  0]SourceControl: Info 	Saved/Backup/Landscape_Material_2017-01-27-17-27-04.uasset
[2017.01.29-12.54.11:350][  0]SourceControl: Info 	Saved/Backup/Level1_2017-01-25-21-02-14.umap
[2017.01.29-12.54.11:350][  0]SourceControl: Info 	Saved/Backup/Level1_2017-01-25-21-12-33.umap
[2017.01.29-12.54.11:350][  0]SourceControl: Info 	Saved/Backup/Level1_2017-01-25-21-29-17.umap
[2017.01.29-12.54.11:350][  0]SourceControl: Info 	Saved/Backup/Level1_2017-01-27-14-56-50.umap
[2017.01.29-12.54.11:350][  0]SourceControl: Info 	Saved/Backup/Level1_2017-01-27-15-23-14.umap
[2017.01.29-12.54.11:350][  0]SourceControl: Info 	Saved/Backup/Level1_2017-01-27-15-30-36.umap
[2017.01.29-12.54.11:350][  0]SourceControl: Info 	Saved/Backup/Level1_BuiltData_2017-01-27-15-30-36.uasset
[2017.01.29-12.54.11:350][  0]SourceControl: Info 	Saved/Backup/Level2_Front_2017-01-27-15-36-15.umap
[2017.01.29-12.54.11:350][  0]SourceControl: Info 	Saved/Backup/Level2_Front_2017-01-27-15-56-15.umap
[2017.01.29-12.54.11:350][  0]SourceControl: Info 	Saved/Backup/Level2_Front_2017-01-27-16-09-56.umap
[2017.01.29-12.54.11:350][  0]SourceControl: Info 	Saved/Backup/Level2_Front_2017-01-27-16-21-52.umap
[2017.01.29-12.54.11:350][  0]SourceControl: Info 	Saved/Backup/Level2_Front_2017-01-27-16-32-36.umap
[2017.01.29-12.54.11:350][  0]SourceControl: Info 	Saved/Backup/Level2_Front_2017-01-27-16-43-09.umap
[2017.01.29-12.54.11:350][  0]SourceControl: Info 	Saved/Backup/Level2_Front_2017-01-27-16-57-30.umap
[2017.01.29-12.54.11:350][  0]SourceControl: Info 	Saved/Backup/Level2_Front_2017-01-27-17-10-18.umap
[2017.01.29-12.54.11:350][  0]SourceControl: Info 	Saved/Backup/Level2_Front_2017-01-27-17-22-30.umap
[2017.01.29-12.54.11:350][  0]SourceControl: Info 	Saved/Backup/Level2_Front_2017-01-27-17-43-23.umap
[2017.01.29-12.54.11:350][  0]SourceControl: Info 	Saved/Backup/Level2_Front_BuiltData_2017-01-27-16-09-56.uasset
[2017.01.29-12.54.11:350][  0]SourceControl: Info 	Saved/Backup/Level2_Front_BuiltData_2017-01-27-16-21-52.uasset
[2017.01.29-12.54.11:350][  0]SourceControl: Info 	Saved/Backup/Level2_Front_BuiltData_2017-01-27-16-32-36.uasset
[2017.01.29-12.54.11:350][  0]SourceControl: Info 	Saved/Backup/Level2_Front_BuiltData_2017-01-27-17-01-38.uasset
[2017.01.29-12.54.11:350][  0]SourceControl: Info 	Saved/Backup/Level2_Left_2017-01-27-15-56-45.umap
[2017.01.29-12.54.11:350][  0]SourceControl: Info 	Saved/Backup/Level2_Left_2017-01-27-16-57-30.umap
[2017.01.29-12.54.11:350][  0]SourceControl: Info 	Saved/Backup/Level2_Left_2017-01-27-17-10-24.umap
[2017.01.29-12.54.11:350][  0]SourceControl: Info 	Saved/Backup/Level2_Left_BuiltData_2017-01-27-17-02-15.uasset
[2017.01.29-12.54.11:350][  0]SourceControl: Info 	Saved/Backup/Level2_Right_2017-01-27-15-56-45.umap
[2017.01.29-12.54.11:350][  0]SourceControl: Info 	Saved/Backup/Level2_Right_2017-01-27-17-02-34.umap
[2017.01.29-12.54.11:350][  0]SourceControl: Info 	Saved/Backup/Level2_Right_2017-01-27-17-10-31.umap
[2017.01.29-12.54.11:351][  0]SourceControl: Info 	Saved/Backup/M_Wood_Oak_2017-01-27-17-43-24.uasset
[2017.01.29-12.54.11:351][  0]SourceControl: Info 	Saved/Backup/Pierre_StaticMesh_2017-01-27-16-20-14.uasset
[2017.01.29-12.54.11:351][  0]SourceControl: Info 	Saved/Backup/Pierre_StaticMesh_Blueprint_2017-01-25-21-12-33.uasset
[2017.01.29-12.54.11:351][  0]SourceControl: Info 	Saved/Backup/Pierre_StaticMesh_Blueprint_2017-01-25-21-25-14.uasset
[2017.01.29-12.54.11:351][  0]SourceControl: Info 	Saved/Backup/Pierre_StaticMesh_Blueprint_2017-01-27-14-47-22.uasset
[2017.01.29-12.54.11:351][  0]SourceControl: Info 	Saved/Backup/Pierre_StaticMesh_Blueprint_2017-01-27-15-19-47.uasset
[2017.01.29-12.54.11:351][  0]SourceControl: Info 	Saved/Backup/Pierre_StaticMesh_Blueprint_2017-01-27-15-25-39.uasset
[2017.01.29-12.54.11:351][  0]SourceControl: Info 	Saved/Backup/Pierre_StaticMesh_Blueprint_2017-01-27-16-08-41.uasset
[2017.01.29-12.54.11:351][  0]SourceControl: Info 	Saved/Backup/Pierre_StaticMesh_Blueprint_2017-01-27-16-26-09.uasset
[2017.01.29-12.54.11:351][  0]SourceControl: Info 	Saved/Backup/Pierre_StaticMesh_Blueprint_2017-01-27-16-43-10.uasset
[2017.01.29-12.54.11:351][  0]SourceControl: Info 	Saved/Backup/Pierre_StaticMesh_Blueprint_2017-01-27-16-49-39.uasset
[2017.01.29-12.54.11:351][  0]SourceControl: Info 	Saved/Backup/Pierre_StaticMesh_Blueprint_2017-01-27-16-57-28.uasset
[2017.01.29-12.54.11:351][  0]SourceControl: Info 	Saved/Backup/Pierre_StaticMesh_Blueprint_2017-01-27-17-11-23.uasset
[2017.01.29-12.54.11:351][  0]SourceControl: Info 	Saved/Config/WorldState/128596053.json
[2017.01.29-12.54.11:351][  0]SourceControl: Info 	Saved/Config/WorldState/239012666.json
[2017.01.29-12.54.11:351][  0]SourceControl: Info 	Saved/Config/WorldState/3238455563.json
[2017.01.29-12.54.11:351][  0]SourceControl: Info 	Saved/Logs/UE4CC-Windows-30334813405CFB00423672A9E52D4B55/
[2017.01.29-12.54.11:351][  0]SourceControl: Info 	Saved/Logs/UE4CC-Windows-30334813405CFB00423672A9E52D4B55_0000/
[2017.01.29-12.54.11:351][  0]SourceControl: Info 	Saved/Logs/UE4CC-Windows-3BD93D114C37AB60FE08AA8AB82DA366/
[2017.01.29-12.54.11:351][  0]SourceControl: Info 	Saved/Logs/UE4CC-Windows-83CC6E404224307CDF7E5DA711D7AD7E/
[2017.01.29-12.54.11:351][  0]SourceControl: Info 	Saved/Logs/UE4CC-Windows-92DDA9734A57BD92B9A0A9B87D39B24D/
[2017.01.29-12.54.11:351][  0]SourceControl: Info 	Saved/Logs/UE4CC-Windows-D357DBF04B1124F431DE9EA203FCAC24/
[2017.01.29-12.54.11:351][  0]SourceControl: Info 	Saved/Logs/UE4CC-Windows-FEB2F9664408FE15CECE2C97622B1962/
[2017.01.29-12.54.11:351][  0]SourceControl: Info 	Saved/Logs/UniversityProject-backup-2017.01.25-20.55.11.log
[2017.01.29-12.54.11:351][  0]SourceControl: Info 	Saved/Logs/UniversityProject-backup-2017.01.27-14.37.58.log
[2017.01.29-12.54.11:351][  0]SourceControl: Info 	Saved/Logs/UniversityProject-backup-2017.01.27-15.36.30.log
[2017.01.29-12.54.11:351][  0]SourceControl: Info 	Saved/Logs/UniversityProject-backup-2017.01.27-15.49.53.log
[2017.01.29-12.54.11:351][  0]SourceControl: Info 	Saved/Logs/UniversityProject-backup-2017.01.27-21.17.29.log
[2017.01.29-12.54.11:351][  0]SourceControl: Info 	Saved/Logs/UniversityProject-backup-2017.01.29-13.53.12.log
[2017.01.29-12.54.11:351][  0]LogContentStreaming: Texture pool size now 1000 MB
[2017.01.29-12.54.11:770][  0]LogRenderer: Reallocating scene render targets to support 1164x588 NumSamples 1 (Frame:2).
[2017.01.29-12.54.12:338][  2]LogAssetRegistry: Asset discovery search completed in 41.2323 seconds
[2017.01.29-12.54.12:338][  2]LogCollectionManager: Rebuilt the object cache for 0 collections in 0.000001 seconds (found 0 objects)
[2017.01.29-12.54.12:338][  2]LogCollectionManager: Fixed up redirectors for 0 collections in 0.000035 seconds (updated 0 objects)
[2017.01.29-12.54.43:813][319]LogAIModule: Creating AISystem for world Level2_Front
[2017.01.29-12.54.43:893][319]Cmd: MAP LOAD FILE="../../../../UnrealProjects/UniversityProject/Content/Maps/Level2_Front.umap" TEMPLATE=0 SHOWPROGRESS=1 FEATURELEVEL=3
[2017.01.29-12.54.43:893][319]LightingResults: New page: Lighting Build
[2017.01.29-12.54.43:944][319]LogContentBrowser: Native class hierarchy updated for 'StatsViewer' in 0.0008 seconds. Added 5 classes and 0 folders.
[2017.01.29-12.54.43:945][319]LoadErrors: New page: Loading map: Level2_Front.umap
[2017.01.29-12.54.43:946][319]MapCheck: New page: Map Check
[2017.01.29-12.54.43:946][319]LightingResults: New page: Lighting Build
[2017.01.29-12.54.44:201][319]LogEditorServer: Finished looking for orphan Actors (0.000 secs)
[2017.01.29-12.54.44:235][319]Cmd: MAP CHECKDEP NOCLEARLOG
[2017.01.29-12.54.44:353][319]MapCheck: Info Map check complete: 0 Error(s), 0 Warning(s), took 117.546ms to complete.
[2017.01.29-12.54.44:353][319]LogFileHelpers: Loading map 'Level2_Front' took 0.461
[2017.01.29-12.54.52:748][251]SourceControl: Info fatal: E:/Logiciels/Epic Games/4.14/Engine/Content/: 'E:/Logiciels/Epic Games/4.14/Engine/Content/' is outside repository
[2017.01.29-12.54.52:906][251]LogPackageName:Error: Illegal call to DoesPackageExist: '../../../../UnrealProjects/UniversityProject/UniversityProject.uproject' is not a standard unreal filename or a long path name. Reason: Path should be no less than 4 characters long.
[2017.01.29-12.54.52:922][251]LogStats: FPlatformStackWalk::StackWalkAndDump -  0.016 s
[2017.01.29-12.54.52:922][251]LogOutputDevice:Error: === Handled ensure: ===
[2017.01.29-12.54.52:922][251]LogOutputDevice:Error: 
[2017.01.29-12.54.52:922][251]LogOutputDevice:Error: Ensure condition failed: false [File:D:\Build\++UE4+Release-4.14+Compile\Sync\Engine\Source\Runtime\CoreUObject\Private\Misc\PackageName.cpp] [Line: 624]
[2017.01.29-12.54.52:922][251]LogOutputDevice:Error: Illegal call to DoesPackageExist: '../../../../UnrealProjects/UniversityProject/UniversityProject.uproject' is not a standard unreal filename or a long path name. Reason: Path should be no less than 4 characters long.
[2017.01.29-12.54.52:922][251]LogOutputDevice:Error: Stack: 
[2017.01.29-12.54.52:922][251]LogOutputDevice:Error: UE4Editor-Core.dll
[2017.01.29-12.54.52:922][251]LogOutputDevice:Error: UE4Editor-Core.dll
[2017.01.29-12.54.52:922][251]LogOutputDevice:Error: UE4Editor-Core.dll
[2017.01.29-12.54.52:922][251]LogOutputDevice:Error: UE4Editor-CoreUObject.dll
[2017.01.29-12.54.52:922][251]LogOutputDevice:Error: UE4Editor-SourceControl.dll
[2017.01.29-12.54.52:922][251]LogOutputDevice:Error: UE4Editor-SourceControl.dll
[2017.01.29-12.54.52:922][251]LogOutputDevice:Error: UE4Editor-SourceControlWindows.dll
[2017.01.29-12.54.52:922][251]LogOutputDevice:Error: UE4Editor-SourceControlWindows.dll
[2017.01.29-12.54.52:922][251]LogOutputDevice:Error: UE4Editor-SourceControlWindows.dll
[2017.01.29-12.54.52:922][251]LogOutputDevice:Error: UE4Editor-SourceControlWindows.dll
[2017.01.29-12.54.52:922][251]LogOutputDevice:Error: UE4Editor-GitSourceControl.dll
[2017.01.29-12.54.52:922][251]LogOutputDevice:Error: UE4Editor-GitSourceControl.dll
[2017.01.29-12.54.52:922][251]LogOutputDevice:Error: UE4Editor-SourceControl.dll
[2017.01.29-12.54.52:922][251]LogOutputDevice:Error: UE4Editor-UnrealEd.dll
[2017.01.29-12.54.52:922][251]LogOutputDevice:Error: UE4Editor-UnrealEd.dll
[2017.01.29-12.54.52:922][251]LogOutputDevice:Error: UE4Editor.exe
[2017.01.29-12.54.52:922][251]LogOutputDevice:Error: UE4Editor.exe
[2017.01.29-12.54.52:922][251]LogOutputDevice:Error: UE4Editor.exe
[2017.01.29-12.54.52:922][251]LogOutputDevice:Error: UE4Editor.exe
[2017.01.29-12.54.52:922][251]LogOutputDevice:Error: UE4Editor.exe
[2017.01.29-12.54.52:922][251]LogOutputDevice:Error: KERNEL32.DLL
[2017.01.29-12.54.52:922][251]LogOutputDevice:Error: ntdll.dll
[2017.01.29-12.54.52:922][251]LogOutputDevice:Error: 
[2017.01.29-12.54.52:931][251]LogStats:                SubmitErrorReport -  0.000 s
